nukak_maku/build/app/intermediates/manifest_merge_blame_file/debug/manifest-merger-blame-debug-report.txt
1<?xml version="1.0" encoding="utf-8"?>
2<manifest xmlns:android="http://schemas.android.com/apk/res/android"
3    package="com.example.nukak_maku"
4    android:versionCode="1"
5    android:versionName="1.0.0" >
6
7    <uses-sdk
8        android:minSdkVersion="21"
9        android:targetSdkVersion="28" />
10    <!--
11         Flutter needs it to communicate with the running application
12         to allow setting breakpoints, to provide hot reload, etc.
13    -->
14    <uses-permission android:name="android.permission.INTERNET" />
14-->src\debug\AndroidManifest.xml:6:5-66
14-->src\debug\AndroidManifest.xml:6:22-64
15    <uses-permission android:name="android.permission.READ_EXTERNAL_STORAGE" />
15-->[:image_picker] AndroidManifest.xml:7:5-80
15-->[:image_picker] AndroidManifest.xml:7:22-77
16    <uses-permission android:name="android.permission.WRITE_EXTERNAL_STORAGE" />
16-->[:image_picker] AndroidManifest.xml:8:5-81
16-->[:image_picker] AndroidManifest.xml:8:22-78
17    <uses-permission android:name="android.permission.ACCESS_NETWORK_STATE" />
17-->[com.google.firebase:firebase-auth:20.0.3] AndroidManifest.xml:24:5-79
17-->[com.google.firebase:firebase-auth:20.0.3] AndroidManifest.xml:24:22-76
18    <uses-permission android:name="android.permission.WAKE_LOCK" />
18-->[com.google.android.gms:play-services-measurement-api:18.0.2] AndroidManifest.xml:24:5-68
18-->[com.google.android.gms:play-services-measurement-api:18.0.2] AndroidManifest.xml:24:22-65
19    <uses-permission android:name="com.google.android.finsky.permission.BIND_GET_INSTALL_REFERRER_SERVICE" />
19-->[com.google.android.gms:play-services-measurement:18.0.2] AndroidManifest.xml:26:5-110
19-->[com.google.android.gms:play-services-measurement:18.0.2] AndroidManifest.xml:26:22-107
20    <!--
21 io.flutter.app.FlutterApplication is an android.app.Application that
22         calls FlutterMain.startInitialization(this); in its onCreate method.
23         In most cases you can leave this as-is, but you if you want to provide
24         additional functionality it is fine to subclass or reimplement
25         FlutterApplication and put your custom class here.
26    -->
27    <application
27-->src\main\AndroidManifest.xml:8:5-29:19
28        android:name="io.flutter.app.FlutterApplication"
28-->src\main\AndroidManifest.xml:9:9-57
29        android:appComponentFactory="androidx.core.app.CoreComponentFactory"
29-->[androidx.core:core:1.1.0] AndroidManifest.xml:24:18-86
30        android:debuggable="true"
31        android:icon="@mipmap/ic_launcher"
31-->src\main\AndroidManifest.xml:11:9-43
32        android:label="nukak_maku" >
32-->src\main\AndroidManifest.xml:10:9-35
33        <activity
33-->src\main\AndroidManifest.xml:12:9-23:20
34            android:name="com.example.nukak_maku.MainActivity"
34-->src\main\AndroidManifest.xml:13:13-41
35            android:configChanges="orientation|keyboardHidden|keyboard|screenSize|smallestScreenSize|locale|layoutDirection|fontScale|screenLayout|density|uiMode"
35-->src\main\AndroidManifest.xml:16:13-163
36            android:hardwareAccelerated="true"
36-->src\main\AndroidManifest.xml:17:13-47
37            android:launchMode="singleTop"
37-->src\main\AndroidManifest.xml:14:13-43
38            android:theme="@style/LaunchTheme"
38-->src\main\AndroidManifest.xml:15:13-47
39            android:windowSoftInputMode="adjustResize" >
39-->src\main\AndroidManifest.xml:18:13-55
40            <intent-filter>
40-->src\main\AndroidManifest.xml:19:13-22:29
41                <action android:name="android.intent.action.MAIN" />
41-->src\main\AndroidManifest.xml:20:17-68
41-->src\main\AndroidManifest.xml:20:25-66
42
43                <category android:name="android.intent.category.LAUNCHER" />
43-->src\main\AndroidManifest.xml:21:17-76
43-->src\main\AndroidManifest.xml:21:27-74
44            </intent-filter>
45        </activity>
46        <!--
47             Don't delete the meta-data below.
48             This is used by the Flutter tool to generate GeneratedPluginRegistrant.java
49        -->
50        <meta-data
50-->src\main\AndroidManifest.xml:26:9-28:33
51            android:name="flutterEmbedding"
51-->src\main\AndroidManifest.xml:27:13-44
52            android:value="2" />
52-->src\main\AndroidManifest.xml:28:13-30
53
54        <service
54-->[:firebase_auth] AndroidManifest.xml:8:9-12:19
55            android:name="com.google.firebase.components.ComponentDiscoveryService"
55-->[:firebase_auth] AndroidManifest.xml:8:18-89
56            android:directBootAware="true"
56-->[com.google.firebase:firebase-common:19.5.0] AndroidManifest.xml:35:13-43
57            android:exported="false" >
57-->[com.google.firebase:firebase-auth:20.0.3] AndroidManifest.xml:76:13-37
58            <meta-data
58-->[:firebase_auth] AndroidManifest.xml:9:13-11:85
59                android:name="com.google.firebase.components:io.flutter.plugins.firebase.auth.FlutterFirebaseAuthRegistrar"
59-->[:firebase_auth] AndroidManifest.xml:10:17-124
60                android:value="com.google.firebase.components.ComponentRegistrar" />
60-->[:firebase_auth] AndroidManifest.xml:11:17-82
61            <meta-data
61-->[:cloud_firestore] AndroidManifest.xml:9:13-11:85
62                android:name="com.google.firebase.components:io.flutter.plugins.firebase.firestore.FlutterFirebaseFirestoreRegistrar"
62-->[:cloud_firestore] AndroidManifest.xml:10:17-134
63                android:value="com.google.firebase.components.ComponentRegistrar" />
63-->[:cloud_firestore] AndroidManifest.xml:11:17-82
64            <meta-data
64-->[:firebase_storage] AndroidManifest.xml:9:13-11:85
65                android:name="com.google.firebase.components:io.flutter.plugins.firebase.storage.FlutterFirebaseAppRegistrar"
65-->[:firebase_storage] AndroidManifest.xml:10:17-126
66                android:value="com.google.firebase.components.ComponentRegistrar" />
66-->[:firebase_storage] AndroidManifest.xml:11:17-82
67            <meta-data
67-->[:firebase_core] AndroidManifest.xml:9:13-11:85
68                android:name="com.google.firebase.components:io.flutter.plugins.firebase.core.FlutterFirebaseCoreRegistrar"
68-->[:firebase_core] AndroidManifest.xml:10:17-124
69                android:value="com.google.firebase.components.ComponentRegistrar" />
69-->[:firebase_core] AndroidManifest.xml:11:17-82
70            <meta-data
70-->[com.google.firebase:firebase-auth:20.0.3] AndroidManifest.xml:77:13-79:85
71                android:name="com.google.firebase.components:com.google.firebase.auth.FirebaseAuthRegistrar"
71-->[com.google.firebase:firebase-auth:20.0.3] AndroidManifest.xml:78:17-109
72                android:value="com.google.firebase.components.ComponentRegistrar" />
72-->[com.google.firebase:firebase-auth:20.0.3] AndroidManifest.xml:79:17-82
73            <meta-data
73-->[com.google.firebase:firebase-firestore:22.1.1] AndroidManifest.xml:20:13-22:85
74                android:name="com.google.firebase.components:com.google.firebase.firestore.FirestoreRegistrar"
74-->[com.google.firebase:firebase-firestore:22.1.1] AndroidManifest.xml:21:17-111
75                android:value="com.google.firebase.components.ComponentRegistrar" />
75-->[com.google.firebase:firebase-firestore:22.1.1] AndroidManifest.xml:22:17-82
76            <meta-data
76-->[com.google.firebase:firebase-storage:19.2.1] AndroidManifest.xml:33:13-35:85
77                android:name="com.google.firebase.components:com.google.firebase.storage.StorageRegistrar"
77-->[com.google.firebase:firebase-storage:19.2.1] AndroidManifest.xml:34:17-107
78                android:value="com.google.firebase.components.ComponentRegistrar" />
78-->[com.google.firebase:firebase-storage:19.2.1] AndroidManifest.xml:35:17-82
79            <meta-data
79-->[com.google.android.gms:play-services-measurement-api:18.0.2] AndroidManifest.xml:30:13-32:85
80                android:name="com.google.firebase.components:com.google.firebase.analytics.connector.internal.AnalyticsConnectorRegistrar"
80-->[com.google.android.gms:play-services-measurement-api:18.0.2] AndroidManifest.xml:31:17-139
81                android:value="com.google.firebase.components.ComponentRegistrar" />
81-->[com.google.android.gms:play-services-measurement-api:18.0.2] AndroidManifest.xml:32:17-82
82            <meta-data
82-->[com.google.firebase:firebase-installations:16.3.5] AndroidManifest.xml:18:13-20:85
83                android:name="com.google.firebase.components:com.google.firebase.installations.FirebaseInstallationsRegistrar"
83-->[com.google.firebase:firebase-installations:16.3.5] AndroidManifest.xml:19:17-127
84                android:value="com.google.firebase.components.ComponentRegistrar" />
84-->[com.google.firebase:firebase-installations:16.3.5] AndroidManifest.xml:20:17-82
85            <!--
86                This registrar is not defined in the dynamic-module-support sdk itself to allow non-firebase
87                clients to use it as well, by defining this registrar in their own core/common library.
88            -->
89            <meta-data
89-->[com.google.firebase:firebase-common:19.5.0] AndroidManifest.xml:43:13-45:85
90                android:name="com.google.firebase.components:com.google.firebase.dynamicloading.DynamicLoadingRegistrar"
90-->[com.google.firebase:firebase-common:19.5.0] AndroidManifest.xml:44:17-121
91                android:value="com.google.firebase.components.ComponentRegistrar" />
91-->[com.google.firebase:firebase-common:19.5.0] AndroidManifest.xml:45:17-82
92        </service>
93
94        <provider
94-->[:image_picker] AndroidManifest.xml:11:9-19:20
95            android:name="io.flutter.plugins.imagepicker.ImagePickerFileProvider"
95-->[:image_picker] AndroidManifest.xml:12:13-82
96            android:authorities="com.example.nukak_maku.flutter.image_provider"
96-->[:image_picker] AndroidManifest.xml:13:13-74
97            android:exported="false"
97-->[:image_picker] AndroidManifest.xml:14:13-37
98            android:grantUriPermissions="true" >
98-->[:image_picker] AndroidManifest.xml:15:13-47
99            <meta-data
99-->[:image_picker] AndroidManifest.xml:16:13-18:75
100                android:name="android.support.FILE_PROVIDER_PATHS"
100-->[:image_picker] AndroidManifest.xml:17:17-67
101                android:resource="@xml/flutter_image_picker_file_paths" />
101-->[:image_picker] AndroidManifest.xml:18:17-72
102        </provider>
103
104        <activity
104-->[com.google.firebase:firebase-auth:20.0.3] AndroidManifest.xml:27:9-44:20
105            android:name="com.google.firebase.auth.internal.GenericIdpActivity"
105-->[com.google.firebase:firebase-auth:20.0.3] AndroidManifest.xml:28:13-80
106            android:excludeFromRecents="true"
106-->[com.google.firebase:firebase-auth:20.0.3] AndroidManifest.xml:29:13-46
107            android:exported="true"
107-->[com.google.firebase:firebase-auth:20.0.3] AndroidManifest.xml:30:13-36
108            android:launchMode="singleTask"
108-->[com.google.firebase:firebase-auth:20.0.3] AndroidManifest.xml:31:13-44
109            android:theme="@android:style/Theme.Translucent.NoTitleBar" >
109-->[com.google.firebase:firebase-auth:20.0.3] AndroidManifest.xml:32:13-72
110            <intent-filter>
110-->[com.google.firebase:firebase-auth:20.0.3] AndroidManifest.xml:33:13-43:29
111                <action android:name="android.intent.action.VIEW" />
111-->[com.google.firebase:firebase-auth:20.0.3] AndroidManifest.xml:34:17-69
111-->[com.google.firebase:firebase-auth:20.0.3] AndroidManifest.xml:34:25-66
112
113                <category android:name="android.intent.category.DEFAULT" />
113-->[com.google.firebase:firebase-auth:20.0.3] AndroidManifest.xml:36:17-76
113-->[com.google.firebase:firebase-auth:20.0.3] AndroidManifest.xml:36:27-73
114                <category android:name="android.intent.category.BROWSABLE" />
114-->[com.google.firebase:firebase-auth:20.0.3] AndroidManifest.xml:37:17-78
114-->[com.google.firebase:firebase-auth:20.0.3] AndroidManifest.xml:37:27-75
115
116                <data
116-->[com.google.firebase:firebase-auth:20.0.3] AndroidManifest.xml:39:17-42:51
117                    android:host="firebase.auth"
117-->[com.google.firebase:firebase-auth:20.0.3] AndroidManifest.xml:40:21-49
118                    android:path="/"
118-->[com.google.firebase:firebase-auth:20.0.3] AndroidManifest.xml:41:21-37
119                    android:scheme="genericidp" />
119-->[com.google.firebase:firebase-auth:20.0.3] AndroidManifest.xml:42:21-48
120            </intent-filter>
121        </activity>
122        <activity
122-->[com.google.firebase:firebase-auth:20.0.3] AndroidManifest.xml:45:9-62:20
123            android:name="com.google.firebase.auth.internal.RecaptchaActivity"
123-->[com.google.firebase:firebase-auth:20.0.3] AndroidManifest.xml:46:13-79
124            android:excludeFromRecents="true"
124-->[com.google.firebase:firebase-auth:20.0.3] AndroidManifest.xml:47:13-46
125            android:exported="true"
125-->[com.google.firebase:firebase-auth:20.0.3] AndroidManifest.xml:48:13-36
126            android:launchMode="singleTask"
126-->[com.google.firebase:firebase-auth:20.0.3] AndroidManifest.xml:49:13-44
127            android:theme="@android:style/Theme.Translucent.NoTitleBar" >
127-->[com.google.firebase:firebase-auth:20.0.3] AndroidManifest.xml:50:13-72
128            <intent-filter>
128-->[com.google.firebase:firebase-auth:20.0.3] AndroidManifest.xml:51:13-61:29
129                <action android:name="android.intent.action.VIEW" />
129-->[com.google.firebase:firebase-auth:20.0.3] AndroidManifest.xml:34:17-69
129-->[com.google.firebase:firebase-auth:20.0.3] AndroidManifest.xml:34:25-66
130
131                <category android:name="android.intent.category.DEFAULT" />
131-->[com.google.firebase:firebase-auth:20.0.3] AndroidManifest.xml:36:17-76
131-->[com.google.firebase:firebase-auth:20.0.3] AndroidManifest.xml:36:27-73
132                <category android:name="android.intent.category.BROWSABLE" />
132-->[com.google.firebase:firebase-auth:20.0.3] AndroidManifest.xml:37:17-78
132-->[com.google.firebase:firebase-auth:20.0.3] AndroidManifest.xml:37:27-75
133
134                <data
134-->[com.google.firebase:firebase-auth:20.0.3] AndroidManifest.xml:39:17-42:51
135                    android:host="firebase.auth"
135-->[com.google.firebase:firebase-auth:20.0.3] AndroidManifest.xml:40:21-49
136                    android:path="/"
136-->[com.google.firebase:firebase-auth:20.0.3] AndroidManifest.xml:41:21-37
137                    android:scheme="recaptcha" />
137-->[com.google.firebase:firebase-auth:20.0.3] AndroidManifest.xml:42:21-48
138            </intent-filter>
139        </activity>
140
141        <service
141-->[com.google.firebase:firebase-auth:20.0.3] AndroidManifest.xml:64:9-73:19
142            android:name="com.google.firebase.auth.api.fallback.service.FirebaseAuthFallbackService"
142-->[com.google.firebase:firebase-auth:20.0.3] AndroidManifest.xml:65:13-101
143            android:enabled="true"
143-->[com.google.firebase:firebase-auth:20.0.3] AndroidManifest.xml:66:13-35
144            android:exported="false" >
144-->[com.google.firebase:firebase-auth:20.0.3] AndroidManifest.xml:67:13-37
145            <intent-filter>
145-->[com.google.firebase:firebase-auth:20.0.3] AndroidManifest.xml:68:13-72:29
146                <action android:name="com.google.firebase.auth.api.gms.service.START" />
146-->[com.google.firebase:firebase-auth:20.0.3] AndroidManifest.xml:69:17-89
146-->[com.google.firebase:firebase-auth:20.0.3] AndroidManifest.xml:69:25-86
147
148                <category android:name="android.intent.category.DEFAULT" />
148-->[com.google.firebase:firebase-auth:20.0.3] AndroidManifest.xml:36:17-76
148-->[com.google.firebase:firebase-auth:20.0.3] AndroidManifest.xml:36:27-73
149            </intent-filter>
150        </service>
151
152        <activity
152-->[com.google.android.gms:play-services-auth:16.0.1] AndroidManifest.xml:23:9-27:75
153            android:name="com.google.android.gms.auth.api.signin.internal.SignInHubActivity"
153-->[com.google.android.gms:play-services-auth:16.0.1] AndroidManifest.xml:24:13-93
154            android:excludeFromRecents="true"
154-->[com.google.android.gms:play-services-auth:16.0.1] AndroidManifest.xml:25:13-46
155            android:exported="false"
155-->[com.google.android.gms:play-services-auth:16.0.1] AndroidManifest.xml:26:13-37
156            android:theme="@android:style/Theme.Translucent.NoTitleBar" />
156-->[com.google.android.gms:play-services-auth:16.0.1] AndroidManifest.xml:27:13-72
157        <!--
158            Service handling Google Sign-In user revocation. For apps that do not integrate with
159            Google Sign-In, this service will never be started.
160        -->
161        <service
161-->[com.google.android.gms:play-services-auth:16.0.1] AndroidManifest.xml:33:9-36:110
162            android:name="com.google.android.gms.auth.api.signin.RevocationBoundService"
162-->[com.google.android.gms:play-services-auth:16.0.1] AndroidManifest.xml:34:13-89
163            android:exported="true"
163-->[com.google.android.gms:play-services-auth:16.0.1] AndroidManifest.xml:35:13-36
164            android:permission="com.google.android.gms.auth.api.signin.permission.REVOCATION_NOTIFICATION" />
164-->[com.google.android.gms:play-services-auth:16.0.1] AndroidManifest.xml:36:13-107
165
166        <activity
166-->[com.google.android.gms:play-services-base:17.1.0] AndroidManifest.xml:23:9-26:75
167            android:name="com.google.android.gms.common.api.GoogleApiActivity"
167-->[com.google.android.gms:play-services-base:17.1.0] AndroidManifest.xml:24:13-79
168            android:exported="false"
168-->[com.google.android.gms:play-services-base:17.1.0] AndroidManifest.xml:25:13-37
169            android:theme="@android:style/Theme.Translucent.NoTitleBar" />
169-->[com.google.android.gms:play-services-base:17.1.0] AndroidManifest.xml:26:13-72
170
171        <provider
171-->[com.google.firebase:firebase-common:19.5.0] AndroidManifest.xml:26:9-31:39
172            android:name="com.google.firebase.provider.FirebaseInitProvider"
172-->[com.google.firebase:firebase-common:19.5.0] AndroidManifest.xml:27:13-77
173            android:authorities="com.example.nukak_maku.firebaseinitprovider"
173-->[com.google.firebase:firebase-common:19.5.0] AndroidManifest.xml:28:13-72
174            android:directBootAware="true"
174-->[com.google.firebase:firebase-common:19.5.0] AndroidManifest.xml:29:13-43
175            android:exported="false"
175-->[com.google.firebase:firebase-common:19.5.0] AndroidManifest.xml:30:13-37
176            android:initOrder="100" />
176-->[com.google.firebase:firebase-common:19.5.0] AndroidManifest.xml:31:13-36
177
178        <receiver
178-->[com.google.android.gms:play-services-measurement:18.0.2] AndroidManifest.xml:29:9-33:20
179            android:name="com.google.android.gms.measurement.AppMeasurementReceiver"
179-->[com.google.android.gms:play-services-measurement:18.0.2] AndroidManifest.xml:30:13-85
180            android:enabled="true"
180-->[com.google.android.gms:play-services-measurement:18.0.2] AndroidManifest.xml:31:13-35
181            android:exported="false" >
181-->[com.google.android.gms:play-services-measurement:18.0.2] AndroidManifest.xml:32:13-37
182        </receiver>
183
184        <service
184-->[com.google.android.gms:play-services-measurement:18.0.2] AndroidManifest.xml:35:9-38:40
185            android:name="com.google.android.gms.measurement.AppMeasurementService"
185-->[com.google.android.gms:play-services-measurement:18.0.2] AndroidManifest.xml:36:13-84
186            android:enabled="true"
186-->[com.google.android.gms:play-services-measurement:18.0.2] AndroidManifest.xml:37:13-35
187            android:exported="false" />
187-->[com.google.android.gms:play-services-measurement:18.0.2] AndroidManifest.xml:38:13-37
188        <service
188-->[com.google.android.gms:play-services-measurement:18.0.2] AndroidManifest.xml:39:9-43:72
189            android:name="com.google.android.gms.measurement.AppMeasurementJobService"
189-->[com.google.android.gms:play-services-measurement:18.0.2] AndroidManifest.xml:40:13-87
190            android:enabled="true"
190-->[com.google.android.gms:play-services-measurement:18.0.2] AndroidManifest.xml:41:13-35
191            android:exported="false"
191-->[com.google.android.gms:play-services-measurement:18.0.2] AndroidManifest.xml:42:13-37
192            android:permission="android.permission.BIND_JOB_SERVICE" />
192-->[com.google.android.gms:play-services-measurement:18.0.2] AndroidManifest.xml:43:13-69
193
194        <meta-data
194-->[com.google.android.gms:play-services-basement:17.1.0] AndroidManifest.xml:23:9-25:69
195            android:name="com.google.android.gms.version"
195-->[com.google.android.gms:play-services-basement:17.1.0] AndroidManifest.xml:24:13-58
196            android:value="@integer/google_play_services_version" />
196-->[com.google.android.gms:play-services-basement:17.1.0] AndroidManifest.xml:25:13-66
197    </application>
198
199</manifest>